#
# There is insufficient memory for the Java Runtime Environment to continue.
# Native memory allocation (malloc) failed to allocate 2016800 bytes for Chunk::new
# Possible reasons:
#   The system is out of physical RAM or swap space
#   The process is running with CompressedOops enabled, and the Java Heap may be blocking the growth of the native heap
# Possible solutions:
#   Reduce memory load on the system
#   Increase physical memory or swap space
#   Check if swap backing store is full
#   Decrease Java heap size (-Xmx/-Xms)
#   Decrease number of Java threads
#   Decrease Java thread stack sizes (-Xss)
#   Set larger code cache with -XX:ReservedCodeCacheSize=
#   JVM is running with Unscaled Compressed Oops mode in which the Java heap is
#     placed in the first 4GB address space. The Java Heap base address is the
#     maximum limit for the native heap growth. Please use -XX:HeapBaseMinAddress
#     to set the Java Heap base and to place the Java Heap above 4GB virtual address.
# This output file may be truncated or incomplete.
#
#  Out of Memory Error (arena.cpp:168), pid=27516, tid=18608
#
# JRE version: Java(TM) SE Runtime Environment (21.0.2+13) (build 21.0.2+13-LTS-58)
# Java VM: Java HotSpot(TM) 64-Bit Server VM (21.0.2+13-LTS-58, mixed mode, sharing, tiered, compressed oops, compressed class ptrs, g1 gc, windows-amd64)
# No core dump will be written. Minidumps are not enabled by default on client versions of Windows
#

---------------  S U M M A R Y ------------

Command Line: -agentlib:jdwp=transport=dt_socket,address=127.0.0.1:2574,suspend=y,server=n -javaagent:C:\Users\Admin\AppData\Local\JetBrains\IdeaIC2024.2\captureAgent\debugger-agent.jar=file:/C:/Users/Admin/AppData/Local/Temp/capture.props -Dkotlinx.coroutines.debug.enable.creation.stack.trace=false -Ddebugger.agent.enable.coroutines=true -Dfile.encoding=UTF-8 -Dsun.stdout.encoding=UTF-8 -Dsun.stderr.encoding=UTF-8 com.monitoring.authservice.AuthServiceApplication

Host: AMD Ryzen 5 5500U with Radeon Graphics         , 12 cores, 5G,  Windows 11 , 64 bit Build 26100 (10.0.26100.3323)
Time: Thu Jun 12 09:42:38 2025 W. Central Africa Standard Time elapsed time: 2360.044061 seconds (0d 0h 39m 20s)

---------------  T H R E A D  ---------------

Current thread (0x0000020293bf4930):  JavaThread "C2 CompilerThread0" daemon [_thread_in_native, id=18608, stack(0x0000001485800000,0x0000001485900000) (1024K)]


Current CompileTask:
C2:2360044 7148       4       org.springframework.core.ResolvableType::hasGenerics (14 bytes)

Stack: [0x0000001485800000,0x0000001485900000]
Native frames: (J=compiled Java code, j=interpreted, Vv=VM code, C=native code)
V  [jvm.dll+0x6cade9]
V  [jvm.dll+0x8569c1]
V  [jvm.dll+0x858d2e]
V  [jvm.dll+0x859413]
V  [jvm.dll+0x280e56]
V  [jvm.dll+0xc3f3d]
V  [jvm.dll+0xc4473]
V  [jvm.dll+0x3b5c2c]
V  [jvm.dll+0x1e2013]
V  [jvm.dll+0x249d22]
V  [jvm.dll+0x2491b1]
V  [jvm.dll+0x1c9634]
V  [jvm.dll+0x258859]
V  [jvm.dll+0x256e3a]
V  [jvm.dll+0x3ef6c6]
V  [jvm.dll+0x7ff568]
V  [jvm.dll+0x6c953d]
C  [ucrtbase.dll+0x37b0]
C  [KERNEL32.DLL+0x2e8d7]
C  [ntdll.dll+0xbbf6c]


---------------  P R O C E S S  ---------------

Threads class SMR info:
_java_thread_list=0x00000202dce31c20, length=43, elements={
0x0000020293be5d50, 0x0000020293be95e0, 0x0000020293bed360, 0x0000020293bee250,
0x0000020293bef9d0, 0x0000020293bf1150, 0x0000020293bf4930, 0x0000020293c01f80,
0x0000020294396da0, 0x00000202943f04e0, 0x0000020294415cb0, 0x000002029441a460,
0x0000020294401670, 0x00000202ddbe7b80, 0x00000202ddc0d290, 0x00000202ddc053d0,
0x00000202f73cc240, 0x00000202de97eef0, 0x00000202dbc3fee0, 0x00000202dbc3ca60,
0x00000202dbc3f850, 0x00000202dbc3d0f0, 0x00000202dbc3eb30, 0x00000202dbc3f1c0,
0x00000202dbc3e4a0, 0x00000202dbc3d780, 0x00000202dbc3de10, 0x00000202daacd6a0,
0x00000202daacdd30, 0x00000202daaca8b0, 0x00000202daacaf40, 0x00000202daacb5d0,
0x00000202daacbc60, 0x00000202daacc2f0, 0x00000202daa39420, 0x00000202daa38700,
0x00000202daa379e0, 0x00000202daa3ae60, 0x00000202daa3a7d0, 0x00000202daa3b4f0,
0x00000202daa3e2e0, 0x00000202daa38070, 0x00000202daa3bb80
}

Java Threads: ( => current thread )
  0x0000020293be5d50 JavaThread "Reference Handler"          daemon [_thread_blocked, id=1800, stack(0x0000001485200000,0x0000001485300000) (1024K)]
  0x0000020293be95e0 JavaThread "Finalizer"                  daemon [_thread_blocked, id=27472, stack(0x0000001485300000,0x0000001485400000) (1024K)]
  0x0000020293bed360 JavaThread "Signal Dispatcher"          daemon [_thread_blocked, id=21644, stack(0x0000001485400000,0x0000001485500000) (1024K)]
  0x0000020293bee250 JavaThread "Attach Listener"            daemon [_thread_blocked, id=3048, stack(0x0000001485500000,0x0000001485600000) (1024K)]
  0x0000020293bef9d0 JavaThread "Service Thread"             daemon [_thread_blocked, id=29068, stack(0x0000001485600000,0x0000001485700000) (1024K)]
  0x0000020293bf1150 JavaThread "Monitor Deflation Thread"   daemon [_thread_blocked, id=25320, stack(0x0000001485700000,0x0000001485800000) (1024K)]
=>0x0000020293bf4930 JavaThread "C2 CompilerThread0"         daemon [_thread_in_native, id=18608, stack(0x0000001485800000,0x0000001485900000) (1024K)]
  0x0000020293c01f80 JavaThread "C1 CompilerThread0"         daemon [_thread_blocked, id=11520, stack(0x0000001485900000,0x0000001485a00000) (1024K)]
  0x0000020294396da0 JavaThread "Common-Cleaner"             daemon [_thread_blocked, id=26524, stack(0x0000001485a00000,0x0000001485b00000) (1024K)]
  0x00000202943f04e0 JavaThread "JDWP Transport Listener: dt_socket" daemon [_thread_blocked, id=5480, stack(0x0000001485b00000,0x0000001485c00000) (1024K)]
  0x0000020294415cb0 JavaThread "JDWP Event Helper Thread"   daemon [_thread_blocked, id=4028, stack(0x0000001485c00000,0x0000001485d00000) (1024K)]
  0x000002029441a460 JavaThread "JDWP Command Reader"        daemon [_thread_in_native, id=22452, stack(0x0000001485d00000,0x0000001485e00000) (1024K)]
  0x0000020294401670 JavaThread "Notification Thread"        daemon [_thread_blocked, id=22488, stack(0x0000001485e00000,0x0000001485f00000) (1024K)]
  0x00000202ddbe7b80 JavaThread "boundedElastic-evictor-1"   daemon [_thread_blocked, id=20824, stack(0x0000001486c00000,0x0000001486d00000) (1024K)]
  0x00000202ddc0d290 JavaThread "parallel-1"                 daemon [_thread_blocked, id=20268, stack(0x0000001486d00000,0x0000001486e00000) (1024K)]
  0x00000202ddc053d0 JavaThread "Live Reload Server"         daemon [_thread_in_native, id=17120, stack(0x0000001486f00000,0x0000001487000000) (1024K)]
  0x00000202f73cc240 JavaThread "DestroyJavaVM"                     [_thread_blocked, id=29588, stack(0x0000001484a00000,0x0000001484b00000) (1024K)]
  0x00000202de97eef0 JavaThread "parallel-2"                 daemon [_thread_blocked, id=24184, stack(0x0000001486e00000,0x0000001486f00000) (1024K)]
  0x00000202dbc3fee0 JavaThread "parallel-3"                 daemon [_thread_blocked, id=20212, stack(0x0000001487300000,0x0000001487400000) (1024K)]
  0x00000202dbc3ca60 JavaThread "single-1"                   daemon [_thread_blocked, id=24444, stack(0x0000001487400000,0x0000001487500000) (1024K)]
  0x00000202dbc3f850 JavaThread "reactor-tcp-nio-1"          daemon [_thread_in_native, id=10796, stack(0x0000001487500000,0x0000001487600000) (1024K)]
  0x00000202dbc3d0f0 JavaThread "reactor-tcp-nio-2"          daemon [_thread_in_native, id=9616, stack(0x0000001487600000,0x0000001487700000) (1024K)]
  0x00000202dbc3eb30 JavaThread "reactor-tcp-nio-3"          daemon [_thread_in_native, id=14176, stack(0x0000001487700000,0x0000001487800000) (1024K)]
  0x00000202dbc3f1c0 JavaThread "reactor-tcp-nio-4"          daemon [_thread_in_native, id=20340, stack(0x0000001487800000,0x0000001487900000) (1024K)]
  0x00000202dbc3e4a0 JavaThread "reactor-tcp-nio-5"          daemon [_thread_in_native, id=17800, stack(0x0000001487900000,0x0000001487a00000) (1024K)]
  0x00000202dbc3d780 JavaThread "reactor-tcp-nio-6"          daemon [_thread_in_native, id=25844, stack(0x0000001487a00000,0x0000001487b00000) (1024K)]
  0x00000202dbc3de10 JavaThread "reactor-tcp-nio-7"          daemon [_thread_in_native, id=4800, stack(0x0000001487b00000,0x0000001487c00000) (1024K)]
  0x00000202daacd6a0 JavaThread "reactor-tcp-nio-8"          daemon [_thread_in_native, id=16436, stack(0x0000001487c00000,0x0000001487d00000) (1024K)]
  0x00000202daacdd30 JavaThread "reactor-tcp-nio-9"          daemon [_thread_in_native, id=5800, stack(0x0000001487d00000,0x0000001487e00000) (1024K)]
  0x00000202daaca8b0 JavaThread "reactor-tcp-nio-10"         daemon [_thread_in_native, id=1992, stack(0x0000001487e00000,0x0000001487f00000) (1024K)]
  0x00000202daacaf40 JavaThread "reactor-tcp-nio-11"         daemon [_thread_in_native, id=23368, stack(0x0000001487f00000,0x0000001488000000) (1024K)]
  0x00000202daacb5d0 JavaThread "reactor-tcp-nio-12"         daemon [_thread_in_native, id=27964, stack(0x0000001488000000,0x0000001488100000) (1024K)]
  0x00000202daacbc60 JavaThread "parallel-4"                 daemon [_thread_blocked, id=23028, stack(0x0000001488300000,0x0000001488400000) (1024K)]
  0x00000202daacc2f0 JavaThread "parallel-5"                 daemon [_thread_blocked, id=17468, stack(0x0000001488400000,0x0000001488500000) (1024K)]
  0x00000202daa39420 JavaThread "parallel-6"                 daemon [_thread_blocked, id=15064, stack(0x0000001484900000,0x0000001484a00000) (1024K)]
  0x00000202daa38700 JavaThread "parallel-7"                 daemon [_thread_blocked, id=2084, stack(0x0000001486900000,0x0000001486a00000) (1024K)]
  0x00000202daa379e0 JavaThread "parallel-8"                 daemon [_thread_blocked, id=27864, stack(0x0000001488500000,0x0000001488600000) (1024K)]
  0x00000202daa3ae60 JavaThread "parallel-9"                 daemon [_thread_blocked, id=24872, stack(0x0000001488600000,0x0000001488700000) (1024K)]
  0x00000202daa3a7d0 JavaThread "parallel-10"                daemon [_thread_blocked, id=25816, stack(0x0000001488800000,0x0000001488900000) (1024K)]
  0x00000202daa3b4f0 JavaThread "parallel-11"                daemon [_thread_blocked, id=26372, stack(0x0000001488900000,0x0000001488a00000) (1024K)]
  0x00000202daa3e2e0 JavaThread "parallel-12"                daemon [_thread_blocked, id=27068, stack(0x0000001488b00000,0x0000001488c00000) (1024K)]
  0x00000202daa38070 JavaThread "Thread-4"                          [_thread_blocked, id=32468, stack(0x0000001488a00000,0x0000001488b00000) (1024K)]
  0x00000202daa3bb80 JavaThread "restartedMain"                     [_thread_in_native, id=27848, stack(0x0000001484800000,0x0000001484900000) (1024K)]
Total: 43

Other Threads:
  0x0000020293bc51b0 VMThread "VM Thread"                           [id=22616, stack(0x0000001485100000,0x0000001485200000) (1024K)]
  0x0000020293baeb70 WatcherThread "VM Periodic Task Thread"        [id=26996, stack(0x0000001485000000,0x0000001485100000) (1024K)]
  0x00000202f74156c0 WorkerThread "GC Thread#0"                     [id=23780, stack(0x0000001484b00000,0x0000001484c00000) (1024K)]
  0x0000020294bbe130 WorkerThread "GC Thread#1"                     [id=19828, stack(0x0000001485f00000,0x0000001486000000) (1024K)]
  0x00000202da006eb0 WorkerThread "GC Thread#2"                     [id=24328, stack(0x0000001486000000,0x0000001486100000) (1024K)]
  0x00000202da007250 WorkerThread "GC Thread#3"                     [id=27372, stack(0x0000001486100000,0x0000001486200000) (1024K)]
  0x00000202da2d2230 WorkerThread "GC Thread#4"                     [id=16032, stack(0x0000001486200000,0x0000001486300000) (1024K)]
  0x00000202da2dbe60 WorkerThread "GC Thread#5"                     [id=29464, stack(0x0000001486300000,0x0000001486400000) (1024K)]
  0x00000202da2dafe0 WorkerThread "GC Thread#6"                     [id=4356, stack(0x0000001486400000,0x0000001486500000) (1024K)]
  0x00000202da2dc200 WorkerThread "GC Thread#7"                     [id=27008, stack(0x0000001486500000,0x0000001486600000) (1024K)]
  0x00000202da2dbac0 WorkerThread "GC Thread#8"                     [id=25372, stack(0x0000001486600000,0x0000001486700000) (1024K)]
  0x00000202da2dc5a0 WorkerThread "GC Thread#9"                     [id=25724, stack(0x0000001486700000,0x0000001486800000) (1024K)]
  0x00000202f7422260 ConcurrentGCThread "G1 Main Marker"            [id=5444, stack(0x0000001484c00000,0x0000001484d00000) (1024K)]
  0x00000202f7423be0 WorkerThread "G1 Conc#0"                       [id=18232, stack(0x0000001484d00000,0x0000001484e00000) (1024K)]
  0x00000202da67d750 WorkerThread "G1 Conc#1"                       [id=27064, stack(0x0000001486a00000,0x0000001486b00000) (1024K)]
  0x00000202da67bdf0 WorkerThread "G1 Conc#2"                       [id=25516, stack(0x0000001486b00000,0x0000001486c00000) (1024K)]
  0x0000020293a853b0 ConcurrentGCThread "G1 Refine#0"               [id=9608, stack(0x0000001484e00000,0x0000001484f00000) (1024K)]
  0x00000202f747a4b0 ConcurrentGCThread "G1 Service"                [id=10516, stack(0x0000001484f00000,0x0000001485000000) (1024K)]
Total: 18

Threads with active compile tasks:
C2 CompilerThread0  2360103 7148       4       org.springframework.core.ResolvableType::hasGenerics (14 bytes)
Total: 1

VM state: not at safepoint (normal execution)

VM Mutex/Monitor currently owned by a thread: None

Heap address: 0x00000000a2200000, size: 1502 MB, Compressed Oops mode: 32-bit

CDS archive(s) mapped at: [0x0000020295000000-0x0000020295c90000-0x0000020295c90000), size 13172736, SharedBaseAddress: 0x0000020295000000, ArchiveRelocationMode: 1.
Compressed class space mapped at: 0x0000020296000000-0x00000202d6000000, reserved size: 1073741824
Narrow klass base: 0x0000020295000000, Narrow klass shift: 0, Narrow klass range: 0x100000000

GC Precious Log:
 CardTable entry size: 512
 Card Set container configuration: InlinePtr #cards 5 size 8 Array Of Cards #cards 12 size 40 Howl #buckets 4 coarsen threshold 1843 Howl Bitmap #cards 512 size 80 coarsen threshold 460 Card regions per heap region 1 cards per card region 2048
 CPUs: 12 total, 12 available
 Memory: 6005M
 Large Page Support: Disabled
 NUMA Support: Disabled
 Compressed Oops: Enabled (32-bit)
 Heap Region Size: 1M
 Heap Min Capacity: 8M
 Heap Initial Capacity: 94M
 Heap Max Capacity: 1502M
 Pre-touch: Disabled
 Parallel Workers: 10
 Concurrent Workers: 3
 Concurrent Refinement Workers: 10
 Periodic GC: Disabled

Heap:
 garbage-first heap   total 67584K, used 23645K [0x00000000a2200000, 0x0000000100000000)
  region size 1024K, 1 young (1024K), 0 survivors (0K)
 Metaspace       used 54530K, committed 55488K, reserved 1114112K
  class space    used 7438K, committed 7872K, reserved 1048576K

Heap Regions: E=young(eden), S=young(survivor), O=old, HS=humongous(starts), HC=humongous(continues), CS=collection set, F=free, TAMS=top-at-mark-start, PB=parsable bottom
|   0|0x00000000a2200000, 0x00000000a2300000, 0x00000000a2300000|100%| O|  |TAMS 0x00000000a2200000| PB 0x00000000a2200000| Untracked 
|   1|0x00000000a2300000, 0x00000000a23fffe8, 0x00000000a2400000| 99%| O|  |TAMS 0x00000000a2300000| PB 0x00000000a2300000| Untracked 
|   2|0x00000000a2400000, 0x00000000a2500000, 0x00000000a2500000|100%| O|  |TAMS 0x00000000a2400000| PB 0x00000000a2400000| Untracked 
|   3|0x00000000a2500000, 0x00000000a25ffdf8, 0x00000000a2600000| 99%| O|  |TAMS 0x00000000a2500000| PB 0x00000000a2500000| Untracked 
|   4|0x00000000a2600000, 0x00000000a26ffff0, 0x00000000a2700000| 99%| O|  |TAMS 0x00000000a2600000| PB 0x00000000a2600000| Untracked 
|   5|0x00000000a2700000, 0x00000000a27ffff8, 0x00000000a2800000| 99%| O|  |TAMS 0x00000000a2700000| PB 0x00000000a2700000| Untracked 
|   6|0x00000000a2800000, 0x00000000a2900000, 0x00000000a2900000|100%| O|  |TAMS 0x00000000a2800000| PB 0x00000000a2800000| Untracked 
|   7|0x00000000a2900000, 0x00000000a29fffe0, 0x00000000a2a00000| 99%| O|  |TAMS 0x00000000a2900000| PB 0x00000000a2900000| Untracked 
|   8|0x00000000a2a00000, 0x00000000a2afff90, 0x00000000a2b00000| 99%| O|  |TAMS 0x00000000a2a00000| PB 0x00000000a2a00000| Untracked 
|   9|0x00000000a2b00000, 0x00000000a2bfffb0, 0x00000000a2c00000| 99%| O|  |TAMS 0x00000000a2b00000| PB 0x00000000a2b00000| Untracked 
|  10|0x00000000a2c00000, 0x00000000a2d00000, 0x00000000a2d00000|100%| O|  |TAMS 0x00000000a2c00000| PB 0x00000000a2c00000| Untracked 
|  11|0x00000000a2d00000, 0x00000000a2dffff8, 0x00000000a2e00000| 99%| O|  |TAMS 0x00000000a2d00000| PB 0x00000000a2d00000| Untracked 
|  12|0x00000000a2e00000, 0x00000000a2effff8, 0x00000000a2f00000| 99%| O|  |TAMS 0x00000000a2e00000| PB 0x00000000a2e00000| Untracked 
|  13|0x00000000a2f00000, 0x00000000a2ffffe8, 0x00000000a3000000| 99%| O|  |TAMS 0x00000000a2f00000| PB 0x00000000a2f00000| Untracked 
|  14|0x00000000a3000000, 0x00000000a30ffff0, 0x00000000a3100000| 99%| O|  |TAMS 0x00000000a3000000| PB 0x00000000a3000000| Untracked 
|  15|0x00000000a3100000, 0x00000000a31ffd48, 0x00000000a3200000| 99%| O|  |TAMS 0x00000000a3100000| PB 0x00000000a3100000| Untracked 
|  16|0x00000000a3200000, 0x00000000a3300000, 0x00000000a3300000|100%| O|  |TAMS 0x00000000a3200000| PB 0x00000000a3200000| Untracked 
|  17|0x00000000a3300000, 0x00000000a33ff9a8, 0x00000000a3400000| 99%| O|  |TAMS 0x00000000a3300000| PB 0x00000000a3300000| Untracked 
|  18|0x00000000a3400000, 0x00000000a34ffff0, 0x00000000a3500000| 99%| O|  |TAMS 0x00000000a3400000| PB 0x00000000a3400000| Untracked 
|  19|0x00000000a3500000, 0x00000000a35ffff0, 0x00000000a3600000| 99%| O|  |TAMS 0x00000000a3500000| PB 0x00000000a3500000| Untracked 
|  20|0x00000000a3600000, 0x00000000a36fffb0, 0x00000000a3700000| 99%| O|  |TAMS 0x00000000a3600000| PB 0x00000000a3600000| Untracked 
|  21|0x00000000a3700000, 0x00000000a3762cd0, 0x00000000a3800000| 38%| O|  |TAMS 0x00000000a3700000| PB 0x00000000a3700000| Untracked 
|  22|0x00000000a3800000, 0x00000000a38e2f70, 0x00000000a3900000| 88%| O|  |TAMS 0x00000000a3800000| PB 0x00000000a3800000| Untracked 
|  23|0x00000000a3900000, 0x00000000a39d2510, 0x00000000a3a00000| 82%| O|  |TAMS 0x00000000a3900000| PB 0x00000000a3900000| Untracked 
|  24|0x00000000a3a00000, 0x00000000a3a00000, 0x00000000a3b00000|  0%| F|  |TAMS 0x00000000a3a00000| PB 0x00000000a3a00000| Untracked 
|  25|0x00000000a3b00000, 0x00000000a3b00000, 0x00000000a3c00000|  0%| F|  |TAMS 0x00000000a3b00000| PB 0x00000000a3b00000| Untracked 
|  26|0x00000000a3c00000, 0x00000000a3c00000, 0x00000000a3d00000|  0%| F|  |TAMS 0x00000000a3c00000| PB 0x00000000a3c00000| Untracked 
|  27|0x00000000a3d00000, 0x00000000a3d00000, 0x00000000a3e00000|  0%| F|  |TAMS 0x00000000a3d00000| PB 0x00000000a3d00000| Untracked 
|  28|0x00000000a3e00000, 0x00000000a3e00000, 0x00000000a3f00000|  0%| F|  |TAMS 0x00000000a3e00000| PB 0x00000000a3e00000| Untracked 
|  29|0x00000000a3f00000, 0x00000000a3f00000, 0x00000000a4000000|  0%| F|  |TAMS 0x00000000a3f00000| PB 0x00000000a3f00000| Untracked 
|  30|0x00000000a4000000, 0x00000000a4000000, 0x00000000a4100000|  0%| F|  |TAMS 0x00000000a4000000| PB 0x00000000a4000000| Untracked 
|  31|0x00000000a4100000, 0x00000000a4100000, 0x00000000a4200000|  0%| F|  |TAMS 0x00000000a4100000| PB 0x00000000a4100000| Untracked 
|  32|0x00000000a4200000, 0x00000000a4200000, 0x00000000a4300000|  0%| F|  |TAMS 0x00000000a4200000| PB 0x00000000a4200000| Untracked 
|  33|0x00000000a4300000, 0x00000000a4300000, 0x00000000a4400000|  0%| F|  |TAMS 0x00000000a4300000| PB 0x00000000a4300000| Untracked 
|  34|0x00000000a4400000, 0x00000000a4400000, 0x00000000a4500000|  0%| F|  |TAMS 0x00000000a4400000| PB 0x00000000a4400000| Untracked 
|  35|0x00000000a4500000, 0x00000000a4500000, 0x00000000a4600000|  0%| F|  |TAMS 0x00000000a4500000| PB 0x00000000a4500000| Untracked 
|  36|0x00000000a4600000, 0x00000000a4600000, 0x00000000a4700000|  0%| F|  |TAMS 0x00000000a4600000| PB 0x00000000a4600000| Untracked 
|  37|0x00000000a4700000, 0x00000000a4700000, 0x00000000a4800000|  0%| F|  |TAMS 0x00000000a4700000| PB 0x00000000a4700000| Untracked 
|  38|0x00000000a4800000, 0x00000000a4800000, 0x00000000a4900000|  0%| F|  |TAMS 0x00000000a4800000| PB 0x00000000a4800000| Untracked 
|  39|0x00000000a4900000, 0x00000000a4900000, 0x00000000a4a00000|  0%| F|  |TAMS 0x00000000a4900000| PB 0x00000000a4900000| Untracked 
|  40|0x00000000a4a00000, 0x00000000a4a00000, 0x00000000a4b00000|  0%| F|  |TAMS 0x00000000a4a00000| PB 0x00000000a4a00000| Untracked 
|  41|0x00000000a4b00000, 0x00000000a4b00000, 0x00000000a4c00000|  0%| F|  |TAMS 0x00000000a4b00000| PB 0x00000000a4b00000| Untracked 
|  42|0x00000000a4c00000, 0x00000000a4c00000, 0x00000000a4d00000|  0%| F|  |TAMS 0x00000000a4c00000| PB 0x00000000a4c00000| Untracked 
|  43|0x00000000a4d00000, 0x00000000a4d00000, 0x00000000a4e00000|  0%| F|  |TAMS 0x00000000a4d00000| PB 0x00000000a4d00000| Untracked 
|  44|0x00000000a4e00000, 0x00000000a4e00000, 0x00000000a4f00000|  0%| F|  |TAMS 0x00000000a4e00000| PB 0x00000000a4e00000| Untracked 
|  45|0x00000000a4f00000, 0x00000000a4f00000, 0x00000000a5000000|  0%| F|  |TAMS 0x00000000a4f00000| PB 0x00000000a4f00000| Untracked 
|  46|0x00000000a5000000, 0x00000000a5000000, 0x00000000a5100000|  0%| F|  |TAMS 0x00000000a5000000| PB 0x00000000a5000000| Untracked 
|  47|0x00000000a5100000, 0x00000000a5100000, 0x00000000a5200000|  0%| F|  |TAMS 0x00000000a5100000| PB 0x00000000a5100000| Untracked 
|  48|0x00000000a5200000, 0x00000000a5200000, 0x00000000a5300000|  0%| F|  |TAMS 0x00000000a5200000| PB 0x00000000a5200000| Untracked 
|  49|0x00000000a5300000, 0x00000000a5300000, 0x00000000a5400000|  0%| F|  |TAMS 0x00000000a5300000| PB 0x00000000a5300000| Untracked 
|  50|0x00000000a5400000, 0x00000000a5400000, 0x00000000a5500000|  0%| F|  |TAMS 0x00000000a5400000| PB 0x00000000a5400000| Untracked 
|  51|0x00000000a5500000, 0x00000000a5500000, 0x00000000a5600000|  0%| F|  |TAMS 0x00000000a5500000| PB 0x00000000a5500000| Untracked 
|  52|0x00000000a5600000, 0x00000000a5600000, 0x00000000a5700000|  0%| F|  |TAMS 0x00000000a5600000| PB 0x00000000a5600000| Untracked 
|  53|0x00000000a5700000, 0x00000000a5700000, 0x00000000a5800000|  0%| F|  |TAMS 0x00000000a5700000| PB 0x00000000a5700000| Untracked 
|  54|0x00000000a5800000, 0x00000000a5800000, 0x00000000a5900000|  0%| F|  |TAMS 0x00000000a5800000| PB 0x00000000a5800000| Untracked 
|  55|0x00000000a5900000, 0x00000000a5900000, 0x00000000a5a00000|  0%| F|  |TAMS 0x00000000a5900000| PB 0x00000000a5900000| Untracked 
|  56|0x00000000a5a00000, 0x00000000a5a00000, 0x00000000a5b00000|  0%| F|  |TAMS 0x00000000a5a00000| PB 0x00000000a5a00000| Untracked 
|  57|0x00000000a5b00000, 0x00000000a5b00000, 0x00000000a5c00000|  0%| F|  |TAMS 0x00000000a5b00000| PB 0x00000000a5b00000| Untracked 
|  58|0x00000000a5c00000, 0x00000000a5c00000, 0x00000000a5d00000|  0%| F|  |TAMS 0x00000000a5c00000| PB 0x00000000a5c00000| Untracked 
|  59|0x00000000a5d00000, 0x00000000a5d00000, 0x00000000a5e00000|  0%| F|  |TAMS 0x00000000a5d00000| PB 0x00000000a5d00000| Untracked 
|  60|0x00000000a5e00000, 0x00000000a5e00000, 0x00000000a5f00000|  0%| F|  |TAMS 0x00000000a5e00000| PB 0x00000000a5e00000| Untracked 
|  61|0x00000000a5f00000, 0x00000000a5f00000, 0x00000000a6000000|  0%| F|  |TAMS 0x00000000a5f00000| PB 0x00000000a5f00000| Untracked 
|  93|0x00000000a7f00000, 0x00000000a7f00000, 0x00000000a8000000|  0%| F|  |TAMS 0x00000000a7f00000| PB 0x00000000a7f00000| Untracked 
|1499|0x00000000ffd00000, 0x00000000ffd00000, 0x00000000ffe00000|  0%| F|  |TAMS 0x00000000ffd00000| PB 0x00000000ffd00000| Untracked 
|1500|0x00000000ffe00000, 0x00000000ffe00000, 0x00000000fff00000|  0%| F|  |TAMS 0x00000000ffe00000| PB 0x00000000ffe00000| Untracked 
|1501|0x00000000fff00000, 0x00000000fff78bd0, 0x0000000100000000| 47%| E|  |TAMS 0x00000000fff00000| PB 0x00000000fff00000| Complete 

Card table byte_map: [0x000002028f950000,0x000002028fc40000] _byte_map_base: 0x000002028f43f000

Marking Bits: (CMBitMap*) 0x00000202f7415dc0
 Bits: [0x000002028fc40000, 0x00000202913b8000)

Polling page: 0x00000202f5af0000

Metaspace:

Usage:
  Non-class:     45.99 MB used.
      Class:      7.26 MB used.
       Both:     53.25 MB used.

Virtual space:
  Non-class space:       64.00 MB reserved,      46.50 MB ( 73%) committed,  1 nodes.
      Class space:        1.00 GB reserved,       7.69 MB ( <1%) committed,  1 nodes.
             Both:        1.06 GB reserved,      54.19 MB (  5%) committed. 

Chunk freelists:
   Non-Class:  1.26 MB
       Class:  8.48 MB
        Both:  9.74 MB

MaxMetaspaceSize: unlimited
CompressedClassSpaceSize: 1.00 GB
Initial GC threshold: 21.00 MB
Current GC threshold: 90.25 MB
CDS: on
 - commit_granule_bytes: 65536.
 - commit_granule_words: 8192.
 - virtual_space_node_default_size: 8388608.
 - enlarge_chunks_in_place: 1.
 - use_allocation_guard: 0.


Internal statistics:

num_allocs_failed_limit: 6.
num_arena_births: 1110.
num_arena_deaths: 418.
num_vsnodes_births: 2.
num_vsnodes_deaths: 0.
num_space_committed: 867.
num_space_uncommitted: 0.
num_chunks_returned_to_freelist: 467.
num_chunks_taken_from_freelist: 3272.
num_chunk_merges: 110.
num_chunk_splits: 2175.
num_chunks_enlarged: 1621.
num_inconsistent_stats: 0.

CodeHeap 'non-profiled nmethods': size=120000Kb used=2929Kb max_used=4191Kb free=117070Kb
 bounds [0x0000020287ad0000, 0x0000020287ef0000, 0x000002028f000000]
CodeHeap 'profiled nmethods': size=120000Kb used=9921Kb max_used=12755Kb free=110078Kb
 bounds [0x0000020280000000, 0x0000020280c80000, 0x0000020287530000]
CodeHeap 'non-nmethods': size=5760Kb used=1665Kb max_used=1721Kb free=4094Kb
 bounds [0x0000020287530000, 0x00000202877a0000, 0x0000020287ad0000]
 total_blobs=6008 nmethods=5352 adapters=560
 compilation: enabled
              stopped_count=0, restarted_count=0
 full_count=0

Compilation events (20 events):
Event: 2356.759 Thread 0x0000020293c01f80 7191       3       java.util.concurrent.ThreadLocalRandom::mix32 (26 bytes)
Event: 2356.760 Thread 0x0000020293c01f80 nmethod 7191 0x0000020280249290 code [0x0000020280249420, 0x0000020280249550]
Event: 2356.760 Thread 0x0000020293c01f80 7192       3       sun.misc.Unsafe::putInt (11 bytes)
Event: 2356.760 Thread 0x0000020293c01f80 nmethod 7192 0x00000202802ab810 code [0x00000202802ab9a0, 0x00000202802abab0]
Event: 2356.766 Thread 0x0000020293c01f80 7196       3       io.netty.channel.AbstractChannelHandlerContext::executor (22 bytes)
Event: 2356.768 Thread 0x0000020293c01f80 nmethod 7196 0x0000020280261090 code [0x0000020280261260, 0x00000202802615a0]
Event: 2356.770 Thread 0x0000020293c01f80 7197       3       java.util.concurrent.atomic.AtomicReferenceFieldUpdater$AtomicReferenceFieldUpdaterImpl::getAndSet (23 bytes)
Event: 2356.772 Thread 0x0000020293c01f80 nmethod 7197 0x000002028004f790 code [0x000002028004f980, 0x000002028004fe50]
Event: 2356.772 Thread 0x0000020293c01f80 7198       3       io.netty.util.concurrent.SingleThreadEventExecutor::runAllTasksFrom (26 bytes)
Event: 2356.776 Thread 0x0000020293c01f80 nmethod 7198 0x0000020280161790 code [0x0000020280161a00, 0x0000020280162358]
Event: 2356.776 Thread 0x0000020293c01f80 7199       3       java.io.FileDescriptor$1::get (5 bytes)
Event: 2356.777 Thread 0x0000020293c01f80 nmethod 7199 0x0000020280374b90 code [0x0000020280374d20, 0x0000020280374e38]
Event: 2358.754 Thread 0x0000020293c01f80 7200       3       java.lang.ref.Reference::enqueueFromPending (19 bytes)
Event: 2358.754 Thread 0x0000020293c01f80 nmethod 7200 0x0000020280130310 code [0x00000202801304c0, 0x00000202801306e8]
Event: 2358.754 Thread 0x0000020293c01f80 7201       3       java.lang.ref.ReferenceQueue::enqueue0 (98 bytes)
Event: 2358.755 Thread 0x0000020293c01f80 nmethod 7201 0x000002028002f610 code [0x000002028002f800, 0x000002028002fe48]
Event: 2358.805 Thread 0x0000020293c01f80 7202   !   3       java.nio.charset.CharsetDecoder::decode (275 bytes)
Event: 2358.808 Thread 0x0000020293c01f80 nmethod 7202 0x000002028020ca10 code [0x000002028020cd60, 0x000002028020e2e8]
Event: 2358.875 Thread 0x0000020293c01f80 7203   !   3       java.util.concurrent.ConcurrentHashMap::putVal (432 bytes)
Event: 2358.878 Thread 0x0000020293c01f80 nmethod 7203 0x0000020280761110 code [0x00000202807614c0, 0x0000020280763138]

GC Heap History (20 events):
Event: 25.715 GC heap before
{Heap before GC invocations=7 (full 0):
 garbage-first heap   total 67584K, used 44032K [0x00000000a2200000, 0x0000000100000000)
  region size 1024K, 29 young (29696K), 5 survivors (5120K)
 Metaspace       used 35493K, committed 35968K, reserved 1114112K
  class space    used 4640K, committed 4864K, reserved 1048576K
}
Event: 25.726 GC heap after
{Heap after GC invocations=8 (full 0):
 garbage-first heap   total 67584K, used 22385K [0x00000000a2200000, 0x0000000100000000)
  region size 1024K, 3 young (3072K), 3 survivors (3072K)
 Metaspace       used 35493K, committed 35968K, reserved 1114112K
  class space    used 4640K, committed 4864K, reserved 1048576K
}
Event: 29.413 GC heap before
{Heap before GC invocations=9 (full 0):
 garbage-first heap   total 67584K, used 56177K [0x00000000a2200000, 0x0000000100000000)
  region size 1024K, 36 young (36864K), 3 survivors (3072K)
 Metaspace       used 40230K, committed 40768K, reserved 1114112K
  class space    used 5312K, committed 5568K, reserved 1048576K
}
Event: 29.421 GC heap after
{Heap after GC invocations=10 (full 0):
 garbage-first heap   total 67584K, used 25296K [0x00000000a2200000, 0x0000000100000000)
  region size 1024K, 5 young (5120K), 5 survivors (5120K)
 Metaspace       used 40230K, committed 40768K, reserved 1114112K
  class space    used 5312K, committed 5568K, reserved 1048576K
}
Event: 32.043 GC heap before
{Heap before GC invocations=10 (full 0):
 garbage-first heap   total 67584K, used 58064K [0x00000000a2200000, 0x0000000100000000)
  region size 1024K, 37 young (37888K), 5 survivors (5120K)
 Metaspace       used 43099K, committed 43648K, reserved 1114112K
  class space    used 5765K, committed 6016K, reserved 1048576K
}
Event: 32.058 GC heap after
{Heap after GC invocations=11 (full 0):
 garbage-first heap   total 67584K, used 28187K [0x00000000a2200000, 0x0000000100000000)
  region size 1024K, 4 young (4096K), 4 survivors (4096K)
 Metaspace       used 43099K, committed 43648K, reserved 1114112K
  class space    used 5765K, committed 6016K, reserved 1048576K
}
Event: 37.468 GC heap before
{Heap before GC invocations=11 (full 0):
 garbage-first heap   total 67584K, used 57883K [0x00000000a2200000, 0x0000000100000000)
  region size 1024K, 33 young (33792K), 4 survivors (4096K)
 Metaspace       used 46874K, committed 47552K, reserved 1114112K
  class space    used 6340K, committed 6656K, reserved 1048576K
}
Event: 37.479 GC heap after
{Heap after GC invocations=12 (full 0):
 garbage-first heap   total 67584K, used 30746K [0x00000000a2200000, 0x0000000100000000)
  region size 1024K, 4 young (4096K), 4 survivors (4096K)
 Metaspace       used 46874K, committed 47552K, reserved 1114112K
  class space    used 6340K, committed 6656K, reserved 1048576K
}
Event: 71.318 GC heap before
{Heap before GC invocations=12 (full 0):
 garbage-first heap   total 67584K, used 57370K [0x00000000a2200000, 0x0000000100000000)
  region size 1024K, 31 young (31744K), 4 survivors (4096K)
 Metaspace       used 52832K, committed 53632K, reserved 1114112K
  class space    used 7267K, committed 7616K, reserved 1048576K
}
Event: 71.332 GC heap after
{Heap after GC invocations=13 (full 0):
 garbage-first heap   total 67584K, used 33599K [0x00000000a2200000, 0x0000000100000000)
  region size 1024K, 3 young (3072K), 3 survivors (3072K)
 Metaspace       used 52832K, committed 53632K, reserved 1114112K
  class space    used 7267K, committed 7616K, reserved 1048576K
}
Event: 357.601 GC heap before
{Heap before GC invocations=13 (full 0):
 garbage-first heap   total 67584K, used 58175K [0x00000000a2200000, 0x0000000100000000)
  region size 1024K, 28 young (28672K), 3 survivors (3072K)
 Metaspace       used 54614K, committed 55424K, reserved 1114112K
  class space    used 7490K, committed 7872K, reserved 1048576K
}
Event: 357.724 GC heap after
{Heap after GC invocations=14 (full 0):
 garbage-first heap   total 67584K, used 35636K [0x00000000a2200000, 0x0000000100000000)
  region size 1024K, 3 young (3072K), 3 survivors (3072K)
 Metaspace       used 54614K, committed 55424K, reserved 1114112K
  class space    used 7490K, committed 7872K, reserved 1048576K
}
Event: 830.743 GC heap before
{Heap before GC invocations=15 (full 0):
 garbage-first heap   total 67584K, used 59188K [0x00000000a2200000, 0x0000000100000000)
  region size 1024K, 26 young (26624K), 3 survivors (3072K)
 Metaspace       used 54618K, committed 55424K, reserved 1114112K
  class space    used 7490K, committed 7872K, reserved 1048576K
}
Event: 830.940 GC heap after
{Heap after GC invocations=16 (full 0):
 garbage-first heap   total 67584K, used 36220K [0x00000000a2200000, 0x0000000100000000)
  region size 1024K, 1 young (1024K), 1 survivors (1024K)
 Metaspace       used 54618K, committed 55424K, reserved 1114112K
  class space    used 7490K, committed 7872K, reserved 1048576K
}
Event: 1329.498 GC heap before
{Heap before GC invocations=16 (full 0):
 garbage-first heap   total 67584K, used 60796K [0x00000000a2200000, 0x0000000100000000)
  region size 1024K, 25 young (25600K), 1 survivors (1024K)
 Metaspace       used 54628K, committed 55424K, reserved 1114112K
  class space    used 7490K, committed 7872K, reserved 1048576K
}
Event: 1329.631 GC heap after
{Heap after GC invocations=17 (full 0):
 garbage-first heap   total 67584K, used 35715K [0x00000000a2200000, 0x0000000100000000)
  region size 1024K, 1 young (1024K), 1 survivors (1024K)
 Metaspace       used 54628K, committed 55424K, reserved 1114112K
  class space    used 7490K, committed 7872K, reserved 1048576K
}
Event: 1892.719 GC heap before
{Heap before GC invocations=17 (full 0):
 garbage-first heap   total 67584K, used 61315K [0x00000000a2200000, 0x0000000100000000)
  region size 1024K, 26 young (26624K), 1 survivors (1024K)
 Metaspace       used 54632K, committed 55424K, reserved 1114112K
  class space    used 7491K, committed 7872K, reserved 1048576K
}
Event: 1893.424 GC heap after
{Heap after GC invocations=18 (full 0):
 garbage-first heap   total 67584K, used 35640K [0x00000000a2200000, 0x0000000100000000)
  region size 1024K, 1 young (1024K), 1 survivors (1024K)
 Metaspace       used 54632K, committed 55424K, reserved 1114112K
  class space    used 7491K, committed 7872K, reserved 1048576K
}
Event: 2356.815 GC heap before
{Heap before GC invocations=19 (full 0):
 garbage-first heap   total 67584K, used 58168K [0x00000000a2200000, 0x0000000100000000)
  region size 1024K, 24 young (24576K), 1 survivors (1024K)
 Metaspace       used 54460K, committed 55424K, reserved 1114112K
  class space    used 7437K, committed 7872K, reserved 1048576K
}
Event: 2358.749 GC heap after
{Heap after GC invocations=20 (full 1):
 garbage-first heap   total 67584K, used 23645K [0x00000000a2200000, 0x0000000100000000)
  region size 1024K, 0 young (0K), 0 survivors (0K)
 Metaspace       used 54457K, committed 55424K, reserved 1114112K
  class space    used 7436K, committed 7872K, reserved 1048576K
}

Dll operation events (12 events):
Event: 0.034 Loaded shared library C:\Program Files\Java\jdk-21\bin\java.dll
Event: 0.037 Loaded shared library C:\Program Files\Java\jdk-21\bin\zip.dll
Event: 0.118 Loaded shared library C:\Program Files\Java\jdk-21\bin\jsvml.dll
Event: 5.980 Loaded shared library C:\Program Files\Java\jdk-21\bin\instrument.dll
Event: 6.179 Loaded shared library C:\Program Files\Java\jdk-21\bin\net.dll
Event: 6.183 Loaded shared library C:\Program Files\Java\jdk-21\bin\nio.dll
Event: 6.216 Loaded shared library C:\Program Files\Java\jdk-21\bin\zip.dll
Event: 7.151 Loaded shared library C:\Program Files\Java\jdk-21\bin\jimage.dll
Event: 8.710 Loaded shared library C:\Program Files\Java\jdk-21\bin\management.dll
Event: 8.734 Loaded shared library C:\Program Files\Java\jdk-21\bin\management_ext.dll
Event: 26.764 Loaded shared library C:\Program Files\Java\jdk-21\bin\extnet.dll
Event: 37.237 Loaded shared library C:\Program Files\Java\jdk-21\bin\sunmscapi.dll

Deoptimization events (20 events):
Event: 2358.815 Thread 0x00000202daa3bb80 DEOPT PACKING pc=0x00000202805112a4 sp=0x00000014848fe790
Event: 2358.815 Thread 0x00000202daa3bb80 DEOPT UNPACKING pc=0x0000020287584e42 sp=0x00000014848fdd30 mode 1
Event: 2358.841 Thread 0x00000202daa3bb80 DEOPT PACKING pc=0x000002028058c731 sp=0x00000014848fe160
Event: 2358.841 Thread 0x00000202daa3bb80 DEOPT UNPACKING pc=0x0000020287584e42 sp=0x00000014848fd638 mode 1
Event: 2358.841 Thread 0x00000202daa3bb80 DEOPT PACKING pc=0x0000020280512a6c sp=0x00000014848fe1f0
Event: 2358.841 Thread 0x00000202daa3bb80 DEOPT UNPACKING pc=0x0000020287584e42 sp=0x00000014848fd7a0 mode 1
Event: 2358.841 Thread 0x00000202daa3bb80 DEOPT PACKING pc=0x00000202805112a4 sp=0x00000014848fe360
Event: 2358.841 Thread 0x00000202daa3bb80 DEOPT UNPACKING pc=0x0000020287584e42 sp=0x00000014848fd900 mode 1
Event: 2358.842 Thread 0x00000202daa3bb80 DEOPT PACKING pc=0x000002028058c731 sp=0x00000014848fe080
Event: 2358.842 Thread 0x00000202daa3bb80 DEOPT UNPACKING pc=0x0000020287584e42 sp=0x00000014848fd558 mode 1
Event: 2358.842 Thread 0x00000202daa3bb80 DEOPT PACKING pc=0x0000020280512a6c sp=0x00000014848fe110
Event: 2358.842 Thread 0x00000202daa3bb80 DEOPT UNPACKING pc=0x0000020287584e42 sp=0x00000014848fd6c0 mode 1
Event: 2358.842 Thread 0x00000202daa3bb80 DEOPT PACKING pc=0x00000202805112a4 sp=0x00000014848fe280
Event: 2358.842 Thread 0x00000202daa3bb80 DEOPT UNPACKING pc=0x0000020287584e42 sp=0x00000014848fd820 mode 1
Event: 2358.843 Thread 0x00000202daa3bb80 DEOPT PACKING pc=0x000002028058c731 sp=0x00000014848fe080
Event: 2358.843 Thread 0x00000202daa3bb80 DEOPT UNPACKING pc=0x0000020287584e42 sp=0x00000014848fd558 mode 1
Event: 2358.843 Thread 0x00000202daa3bb80 DEOPT PACKING pc=0x0000020280512a6c sp=0x00000014848fe110
Event: 2358.843 Thread 0x00000202daa3bb80 DEOPT UNPACKING pc=0x0000020287584e42 sp=0x00000014848fd6c0 mode 1
Event: 2358.843 Thread 0x00000202daa3bb80 DEOPT PACKING pc=0x00000202805112a4 sp=0x00000014848fe280
Event: 2358.844 Thread 0x00000202daa3bb80 DEOPT UNPACKING pc=0x0000020287584e42 sp=0x00000014848fd820 mode 1

Classes loaded (20 events):
Event: 2356.663 Loading class io/r2dbc/postgresql/message/frontend/Terminate
Event: 2356.663 Loading class io/r2dbc/postgresql/message/frontend/Terminate done
Event: 2356.670 Loading class io/r2dbc/postgresql/client/ReactorNettyClient
Event: 2356.670 Loading class io/r2dbc/postgresql/client/ReactorNettyClient done
Event: 2356.685 Loading class io/r2dbc/postgresql/message/frontend/Terminate
Event: 2356.685 Loading class io/r2dbc/postgresql/message/frontend/Terminate done
Event: 2356.685 Loading class io/netty/buffer/ByteBufAllocator
Event: 2356.685 Loading class io/netty/buffer/ByteBufAllocator done
Event: 2356.685 Loading class io/netty/buffer/ByteBuf
Event: 2356.685 Loading class io/netty/buffer/ByteBuf done
Event: 2356.743 Loading class io/netty/channel/AbstractChannel$AbstractUnsafe$6
Event: 2356.743 Loading class io/netty/channel/AbstractChannel$AbstractUnsafe$6 done
Event: 2358.752 Loading class java/lang/ref/Finalizer$2
Event: 2358.757 Loading class java/lang/ref/Finalizer$2 done
Event: 2358.764 Loading class java/lang/ref/Finalizer$1
Event: 2358.771 Loading class java/lang/ref/Finalizer$1 done
Event: 2358.870 Loading class org/springframework/web/servlet/DispatcherServlet
Event: 2358.871 Loading class org/springframework/web/servlet/DispatcherServlet done
Event: 2359.093 Loading class org/springframework/web/servlet/FrameworkServlet
Event: 2359.093 Loading class org/springframework/web/servlet/FrameworkServlet done

Classes unloaded (20 events):
Event: 1895.149 Thread 0x0000020293bc51b0 Unloading class 0x000002029601b400 'java/lang/invoke/LambdaForm$MH+0x000002029601b400'
Event: 1895.150 Thread 0x0000020293bc51b0 Unloading class 0x000002029601ac00 'java/lang/invoke/LambdaForm$MH+0x000002029601ac00'
Event: 1895.152 Thread 0x0000020293bc51b0 Unloading class 0x000002029601a400 'java/lang/invoke/LambdaForm$MH+0x000002029601a400'
Event: 1895.152 Thread 0x0000020293bc51b0 Unloading class 0x000002029601a000 'java/lang/invoke/LambdaForm$MH+0x000002029601a000'
Event: 1895.152 Thread 0x0000020293bc51b0 Unloading class 0x0000020296019000 'java/lang/invoke/LambdaForm$MH+0x0000020296019000'
Event: 1895.153 Thread 0x0000020293bc51b0 Unloading class 0x0000020296018400 'java/lang/invoke/LambdaForm$MH+0x0000020296018400'
Event: 1895.154 Thread 0x0000020293bc51b0 Unloading class 0x0000020296018000 'java/lang/invoke/LambdaForm$MH+0x0000020296018000'
Event: 1895.154 Thread 0x0000020293bc51b0 Unloading class 0x0000020296017800 'java/lang/invoke/LambdaForm$MH+0x0000020296017800'
Event: 1895.154 Thread 0x0000020293bc51b0 Unloading class 0x0000020296017400 'java/lang/invoke/LambdaForm$MH+0x0000020296017400'
Event: 1895.154 Thread 0x0000020293bc51b0 Unloading class 0x0000020296017000 'java/lang/invoke/LambdaForm$MH+0x0000020296017000'
Event: 1895.154 Thread 0x0000020293bc51b0 Unloading class 0x0000020296016400 'java/lang/invoke/LambdaForm$MH+0x0000020296016400'
Event: 1895.154 Thread 0x0000020293bc51b0 Unloading class 0x0000020296015400 'java/lang/invoke/LambdaForm$MH+0x0000020296015400'
Event: 1895.168 Thread 0x0000020293bc51b0 Unloading class 0x0000020296014800 'java/lang/invoke/LambdaForm$MH+0x0000020296014800'
Event: 1895.168 Thread 0x0000020293bc51b0 Unloading class 0x0000020296014000 'java/lang/invoke/LambdaForm$MH+0x0000020296014000'
Event: 1895.168 Thread 0x0000020293bc51b0 Unloading class 0x0000020296002000 'java/lang/invoke/LambdaForm$MH+0x0000020296002000'
Event: 1895.169 Thread 0x0000020293bc51b0 Unloading class 0x0000020296001c00 'java/lang/invoke/LambdaForm$MH+0x0000020296001c00'
Event: 1895.169 Thread 0x0000020293bc51b0 Unloading class 0x0000020296001800 'java/lang/invoke/LambdaForm$MH+0x0000020296001800'
Event: 1895.169 Thread 0x0000020293bc51b0 Unloading class 0x0000020296001000 'java/lang/invoke/LambdaForm$MH+0x0000020296001000'
Event: 2357.206 Thread 0x0000020293bc51b0 Unloading class 0x00000202963d2c00 'java/lang/invoke/LambdaForm$MH+0x00000202963d2c00'
Event: 2357.207 Thread 0x0000020293bc51b0 Unloading class 0x00000202963d2000 'java/lang/invoke/LambdaForm$MH+0x00000202963d2000'

Classes redefined (0 events):
No events

Internal exceptions (20 events):
Event: 70.595 Thread 0x00000202dbc3f850 Exception <a 'java/lang/NoSuchMethodError'{0x00000000a4afa318}: 'java.lang.Object java.lang.invoke.Invokers$Holder.linkToTargetMethod(java.lang.Object, java.lang.Object, java.lang.Object, int, java.lang.Object, java.lang.Object)'> (0x00000000a4afa318) 
thrown [s\open\src\hotspot\share\interpreter\linkResolver.cpp, line 773]
Event: 70.773 Thread 0x00000202dbc3f850 Exception <a 'java/lang/NoSuchMethodError'{0x00000000a4863738}: 'void java.lang.invoke.DirectMethodHandle$Holder.invokeStatic(java.lang.Object, long)'> (0x00000000a4863738) 
thrown [s\open\src\hotspot\share\interpreter\linkResolver.cpp, line 773]
Event: 70.775 Thread 0x00000202dbc3f850 Exception <a 'java/lang/NoSuchMethodError'{0x00000000a4866c50}: 'void java.lang.invoke.DirectMethodHandle$Holder.invokeStaticInit(java.lang.Object, long)'> (0x00000000a4866c50) 
thrown [s\open\src\hotspot\share\interpreter\linkResolver.cpp, line 773]
Event: 71.358 Thread 0x00000202dbc3f850 Exception <a 'java/lang/NoSuchMethodError'{0x00000000a7fca8c8}: 'java.lang.Object java.lang.invoke.DirectMethodHandle$Holder.newInvokeSpecial(java.lang.Object, int, java.lang.Object, java.lang.Object)'> (0x00000000a7fca8c8) 
thrown [s\open\src\hotspot\share\interpreter\linkResolver.cpp, line 773]
Event: 71.454 Thread 0x00000202dbc3f850 Exception <a 'java/lang/NoSuchMethodError'{0x00000000a5fa4ea0}: 'java.lang.Object java.lang.invoke.DirectMethodHandle$Holder.newInvokeSpecial(java.lang.Object, java.lang.Object, java.lang.Object, java.lang.Object, int)'> (0x00000000a5fa4ea0) 
thrown [s\open\src\hotspot\share\interpreter\linkResolver.cpp, line 773]
Event: 71.456 Thread 0x00000202dbc3f850 Exception <a 'java/lang/NoSuchMethodError'{0x00000000a5fa9100}: 'java.lang.Object java.lang.invoke.DirectMethodHandle$Holder.invokeSpecial(java.lang.Object, java.lang.Object, java.lang.Object, java.lang.Object, java.lang.Object, int)'> (0x00000000a5fa9100) 
thrown [s\open\src\hotspot\share\interpreter\linkResolver.cpp, line 773]
Event: 71.457 Thread 0x00000202dbc3f850 Exception <a 'java/lang/NoSuchMethodError'{0x00000000a5facc20}: 'java.lang.Object java.lang.invoke.Invokers$Holder.linkToTargetMethod(java.lang.Object, java.lang.Object, java.lang.Object, int, java.lang.Object)'> (0x00000000a5facc20) 
thrown [s\open\src\hotspot\share\interpreter\linkResolver.cpp, line 773]
Event: 71.537 Thread 0x00000202dbc3f850 Exception <a 'java/lang/NoSuchMethodError'{0x00000000a5e1c610}: 'java.lang.Object java.lang.invoke.DirectMethodHandle$Holder.invokeSpecial(java.lang.Object, java.lang.Object, int, java.lang.Object, java.lang.Object, java.lang.Object)'> (0x00000000a5e1c610) 
thrown [s\open\src\hotspot\share\interpreter\linkResolver.cpp, line 773]
Event: 71.724 Thread 0x00000202dbc3f850 Exception <a 'java/lang/NoSuchMethodError'{0x00000000a5d29ec8}: 'java.lang.Object java.lang.invoke.DirectMethodHandle$Holder.invokeInterface(java.lang.Object, java.lang.Object, java.lang.Object, java.lang.Object)'> (0x00000000a5d29ec8) 
thrown [s\open\src\hotspot\share\interpreter\linkResolver.cpp, line 773]
Event: 71.729 Thread 0x00000202dbc3f850 Exception <a 'java/lang/NoSuchMethodError'{0x00000000a5d30590}: 'java.lang.Object java.lang.invoke.DirectMethodHandle$Holder.invokeInterface(java.lang.Object, java.lang.Object, int, java.lang.Object)'> (0x00000000a5d30590) 
thrown [s\open\src\hotspot\share\interpreter\linkResolver.cpp, line 773]
Event: 2350.719 Thread 0x00000202ddd60910 Implicit null exception at 0x0000020287c696fb to 0x0000020287c6d2dc
Event: 2351.172 Thread 0x00000202ddd60910 Implicit null exception at 0x0000020287caa191 to 0x0000020287caa700
Event: 2351.944 Thread 0x00000202ddd60910 Implicit null exception at 0x0000020287e694fc to 0x0000020287e71a14
Event: 2353.563 Thread 0x00000202ddd60910 Implicit null exception at 0x0000020287d122c0 to 0x0000020287d12640
Event: 2353.692 Thread 0x00000202ddd60910 Implicit null exception at 0x0000020287cbfe91 to 0x0000020287cbff8d
Event: 2353.884 Thread 0x00000202ddd60910 Implicit null exception at 0x0000020287de8781 to 0x0000020287de9c78
Event: 2353.899 Thread 0x00000202ddd60910 Implicit null exception at 0x0000020287bd7b3c to 0x0000020287bd8cb0
Event: 2354.447 Thread 0x00000202daa38070 Implicit null exception at 0x0000020287aea03b to 0x0000020287aea382
Event: 2354.450 Thread 0x00000202daa38070 Implicit null exception at 0x0000020287deb382 to 0x0000020287dec5ac
Event: 2356.504 Thread 0x00000202daa38070 Exception <a 'java/lang/NoSuchMethodError'{0x00000000a4a2ff20}: 'java.lang.Object java.lang.invoke.DirectMethodHandle$Holder.newInvokeSpecial(java.lang.Object, java.lang.Object, long)'> (0x00000000a4a2ff20) 
thrown [s\open\src\hotspot\share\interpreter\linkResolver.cpp, line 773]

ZGC Phase Switch (0 events):
No events

VM Operations (20 events):
Event: 1370.980 Executing VM operation: Cleanup done
Event: 1892.679 Executing VM operation: G1CollectForAllocation (G1 Evacuation Pause)
Event: 1893.433 Executing VM operation: G1CollectForAllocation (G1 Evacuation Pause) done
Event: 1894.825 Executing VM operation: G1PauseRemark
Event: 1899.415 Executing VM operation: G1PauseRemark done
Event: 1899.683 Executing VM operation: G1PauseCleanup
Event: 1899.788 Executing VM operation: G1PauseCleanup done
Event: 2351.606 Executing VM operation: Cleanup
Event: 2351.615 Executing VM operation: Cleanup done
Event: 2352.619 Executing VM operation: Cleanup
Event: 2353.375 Executing VM operation: Cleanup done
Event: 2354.388 Executing VM operation: Cleanup
Event: 2354.406 Executing VM operation: Cleanup done
Event: 2355.419 Executing VM operation: Cleanup
Event: 2355.446 Executing VM operation: Cleanup done
Event: 2356.001 Executing VM operation: HandshakeAllThreads (Deoptimize)
Event: 2356.008 Executing VM operation: HandshakeAllThreads (Deoptimize) done
Event: 2356.814 Executing VM operation: G1CollectFull (System.gc())
Event: 2358.751 Executing VM operation: G1CollectFull (System.gc()) done
Event: 2359.791 Executing VM operation: Cleanup

Events (20 events):
Event: 2358.447 Thread 0x0000020293bc51b0 flushing nmethod 0x000002028049d710
Event: 2358.447 Thread 0x0000020293bc51b0 flushing nmethod 0x000002028036a110
Event: 2358.448 Thread 0x0000020293bc51b0 flushing nmethod 0x0000020280369c90
Event: 2358.449 Thread 0x0000020293bc51b0 flushing nmethod 0x000002028037c310
Event: 2358.449 Thread 0x0000020293bc51b0 flushing nmethod 0x0000020280341690
Event: 2358.449 Thread 0x0000020293bc51b0 flushing nmethod 0x000002028027d810
Event: 2358.450 Thread 0x0000020293bc51b0 flushing nmethod 0x00000202801bcc90
Event: 2358.451 Thread 0x0000020293bc51b0 flushing nmethod 0x0000020280155610
Event: 2358.451 Thread 0x0000020293bc51b0 flushing nmethod 0x0000020280147b10
Event: 2358.451 Thread 0x0000020293bc51b0 flushing nmethod 0x00000202800ea210
Event: 2358.451 Thread 0x0000020293bc51b0 flushing nmethod 0x00000202800e7090
Event: 2358.451 Thread 0x0000020293bc51b0 flushing nmethod 0x000002028004f090
Event: 2358.451 Thread 0x0000020293bc51b0 flushing nmethod 0x0000020280037910
Event: 2358.451 Thread 0x0000020293bc51b0 flushing nmethod 0x0000020280009610
Event: 2358.451 Thread 0x0000020293bc51b0 flushing nmethod 0x0000020287e2c690
Event: 2358.451 Thread 0x0000020293bc51b0 flushing nmethod 0x0000020287b5cf10
Event: 2358.451 Thread 0x0000020293bc51b0 flushing nmethod 0x0000020287aef210
Event: 2358.776 Thread 0x00000202daa3bb80 Thread added: 0x00000202daa3bb80
Event: 2358.785 Thread 0x00000202daa3bb80 Thread exited: 0x00000202daa3bb80
Event: 2358.786 Thread 0x00000202daa3bb80 Thread added: 0x00000202daa3bb80


Dynamic libraries:
0x00007ff73e450000 - 0x00007ff73e460000 	C:\Program Files\Java\jdk-21\bin\java.exe
0x00007ffe13900000 - 0x00007ffe13b63000 	C:\WINDOWS\SYSTEM32\ntdll.dll
0x00007ffe12df0000 - 0x00007ffe12eb7000 	C:\WINDOWS\System32\KERNEL32.DLL
0x00007ffe10b00000 - 0x00007ffe10ec9000 	C:\WINDOWS\System32\KERNELBASE.dll
0x00007ffe10f00000 - 0x00007ffe1104c000 	C:\WINDOWS\System32\ucrtbase.dll
0x00007ffdd8460000 - 0x00007ffdd8479000 	C:\Program Files\Java\jdk-21\bin\jli.dll
0x00007ffdd8a70000 - 0x00007ffdd8a8b000 	C:\Program Files\Java\jdk-21\bin\VCRUNTIME140.dll
0x00007ffe13630000 - 0x00007ffe136e2000 	C:\WINDOWS\System32\ADVAPI32.dll
0x00007ffe129b0000 - 0x00007ffe12a59000 	C:\WINDOWS\System32\msvcrt.dll
0x00007ffe13300000 - 0x00007ffe133a6000 	C:\WINDOWS\System32\sechost.dll
0x00007ffe118d0000 - 0x00007ffe119e6000 	C:\WINDOWS\System32\RPCRT4.dll
0x00007ffe136f0000 - 0x00007ffe138ba000 	C:\WINDOWS\System32\USER32.dll
0x00007ffe10ed0000 - 0x00007ffe10ef7000 	C:\WINDOWS\System32\win32u.dll
0x00007ffde4b60000 - 0x00007ffde4df0000 	C:\WINDOWS\WinSxS\amd64_microsoft.windows.common-controls_6595b64144ccf1df_6.0.26100.3323_none_3e088096e3344490\COMCTL32.dll
0x00007ffe12980000 - 0x00007ffe129aa000 	C:\WINDOWS\System32\GDI32.dll
0x00007ffe11530000 - 0x00007ffe11661000 	C:\WINDOWS\System32\gdi32full.dll
0x00007ffe11670000 - 0x00007ffe11713000 	C:\WINDOWS\System32\msvcp_win.dll
0x00007ffe08920000 - 0x00007ffe0892b000 	C:\WINDOWS\SYSTEM32\VERSION.dll
0x00007ffe13260000 - 0x00007ffe1328f000 	C:\WINDOWS\System32\IMM32.DLL
0x00007ffdebbe0000 - 0x00007ffdebbec000 	C:\Program Files\Java\jdk-21\bin\vcruntime140_1.dll
0x00007ffd65320000 - 0x00007ffd653ae000 	C:\Program Files\Java\jdk-21\bin\msvcp140.dll
0x00007ffd5e2d0000 - 0x00007ffd5efe7000 	C:\Program Files\Java\jdk-21\bin\server\jvm.dll
0x00007ffe12ec0000 - 0x00007ffe12f34000 	C:\WINDOWS\System32\WS2_32.dll
0x00007ffe088e0000 - 0x00007ffe08916000 	C:\WINDOWS\SYSTEM32\WINMM.dll
0x00007ffe10990000 - 0x00007ffe109de000 	C:\WINDOWS\SYSTEM32\POWRPROF.dll
0x00007ffe10970000 - 0x00007ffe10984000 	C:\WINDOWS\SYSTEM32\UMPDC.dll
0x00007ffe0f8e0000 - 0x00007ffe0f8fa000 	C:\WINDOWS\SYSTEM32\kernel.appcore.dll
0x00007ffdd63b0000 - 0x00007ffdd63ba000 	C:\Program Files\Java\jdk-21\bin\jimage.dll
0x00007ffe03ec0000 - 0x00007ffe04101000 	C:\WINDOWS\SYSTEM32\DBGHELP.DLL
0x00007ffe12a60000 - 0x00007ffe12de2000 	C:\WINDOWS\System32\combase.dll
0x00007ffe13540000 - 0x00007ffe13616000 	C:\WINDOWS\System32\OLEAUT32.dll
0x00007ffdfaeb0000 - 0x00007ffdfaee9000 	C:\WINDOWS\SYSTEM32\dbgcore.DLL
0x00007ffe11340000 - 0x00007ffe113d9000 	C:\WINDOWS\System32\bcryptPrimitives.dll
0x00007ffd97030000 - 0x00007ffd9706c000 	C:\Program Files\Java\jdk-21\bin\jdwp.dll
0x00007ffdaacb0000 - 0x00007ffdaacbf000 	C:\Program Files\Java\jdk-21\bin\instrument.dll
0x00007ffdd43c0000 - 0x00007ffdd43df000 	C:\Program Files\Java\jdk-21\bin\java.dll
0x00007ffdbdba0000 - 0x00007ffdbdbb8000 	C:\Program Files\Java\jdk-21\bin\zip.dll
0x00007ffe119f0000 - 0x00007ffe12105000 	C:\WINDOWS\System32\SHELL32.dll
0x00007ffe111d0000 - 0x00007ffe11338000 	C:\WINDOWS\System32\wintypes.dll
0x00007ffe0e7c0000 - 0x00007ffe0f005000 	C:\WINDOWS\SYSTEM32\windows.storage.dll
0x00007ffe13450000 - 0x00007ffe1353b000 	C:\WINDOWS\System32\SHCORE.dll
0x00007ffe12920000 - 0x00007ffe1297d000 	C:\WINDOWS\System32\shlwapi.dll
0x00007ffe10a10000 - 0x00007ffe10a3f000 	C:\WINDOWS\SYSTEM32\profapi.dll
0x00007ffd60850000 - 0x00007ffd60927000 	C:\Program Files\Java\jdk-21\bin\jsvml.dll
0x00007ffdaab70000 - 0x00007ffdaab7c000 	C:\Program Files\Java\jdk-21\bin\dt_socket.dll
0x00007ffe0f300000 - 0x00007ffe0f333000 	C:\WINDOWS\SYSTEM32\IPHLPAPI.DLL
0x00007ffe0fde0000 - 0x00007ffe0fe4a000 	C:\WINDOWS\system32\mswsock.dll
0x00007ffdd2bc0000 - 0x00007ffdd2bd0000 	C:\Program Files\Java\jdk-21\bin\net.dll
0x00007ffe09580000 - 0x00007ffe0969e000 	C:\WINDOWS\SYSTEM32\WINHTTP.dll
0x00007ffdd0540000 - 0x00007ffdd0556000 	C:\Program Files\Java\jdk-21\bin\nio.dll
0x00007ffdd2bb0000 - 0x00007ffdd2bba000 	C:\Program Files\Java\jdk-21\bin\management.dll
0x00007ffdcea80000 - 0x00007ffdcea8b000 	C:\Program Files\Java\jdk-21\bin\management_ext.dll
0x00007ffe133b0000 - 0x00007ffe133b8000 	C:\WINDOWS\System32\PSAPI.DLL
0x00007ffdbcfd0000 - 0x00007ffdbcfd9000 	C:\Program Files\Java\jdk-21\bin\extnet.dll
0x00007ffe10190000 - 0x00007ffe101ac000 	C:\WINDOWS\SYSTEM32\CRYPTSP.dll
0x00007ffe0f840000 - 0x00007ffe0f87a000 	C:\WINDOWS\system32\rsaenh.dll
0x00007ffe0fe80000 - 0x00007ffe0feab000 	C:\WINDOWS\SYSTEM32\USERENV.dll
0x00007ffe10320000 - 0x00007ffe10346000 	C:\WINDOWS\SYSTEM32\bcrypt.dll
0x00007ffe10010000 - 0x00007ffe1001c000 	C:\WINDOWS\SYSTEM32\CRYPTBASE.dll
0x00007ffe12fc0000 - 0x00007ffe12fca000 	C:\WINDOWS\System32\NSI.dll
0x00007ffdbd8e0000 - 0x00007ffdbd8ee000 	C:\Program Files\Java\jdk-21\bin\sunmscapi.dll
0x00007ffe11050000 - 0x00007ffe111c7000 	C:\WINDOWS\System32\CRYPT32.dll
0x00007ffe102e0000 - 0x00007ffe10310000 	C:\WINDOWS\SYSTEM32\ncrypt.dll
0x00007ffe10290000 - 0x00007ffe102cf000 	C:\WINDOWS\SYSTEM32\NTASN1.dll
0x00007ffddc730000 - 0x00007ffddc738000 	C:\WINDOWS\system32\wshunix.dll
0x00007ffe0f340000 - 0x00007ffe0f465000 	C:\WINDOWS\SYSTEM32\DNSAPI.dll
0x00007ffe085c0000 - 0x00007ffe085cb000 	C:\Windows\System32\rasadhlp.dll
0x00007ffe06120000 - 0x00007ffe061a5000 	C:\WINDOWS\System32\fwpuclnt.dll

dbghelp: loaded successfully - version: 4.0.5 - missing functions: none
symbol engine: initialized successfully - sym options: 0x614 - pdb path: .;C:\Program Files\Java\jdk-21\bin;C:\WINDOWS\SYSTEM32;C:\WINDOWS\WinSxS\amd64_microsoft.windows.common-controls_6595b64144ccf1df_6.0.26100.3323_none_3e088096e3344490;C:\Program Files\Java\jdk-21\bin\server

VM Arguments:
jvm_args: -agentlib:jdwp=transport=dt_socket,address=127.0.0.1:2574,suspend=y,server=n -javaagent:C:\Users\Admin\AppData\Local\JetBrains\IdeaIC2024.2\captureAgent\debugger-agent.jar=file:/C:/Users/Admin/AppData/Local/Temp/capture.props -Dkotlinx.coroutines.debug.enable.creation.stack.trace=false -Ddebugger.agent.enable.coroutines=true -Dfile.encoding=UTF-8 -Dsun.stdout.encoding=UTF-8 -Dsun.stderr.encoding=UTF-8 
java_command: com.monitoring.authservice.AuthServiceApplication
java_class_path (initial): C:\Users\Admin\Documents\Stage\Afriland First Bank\New folder\Alfresco Processing System\Back_end\aps_monitoring_back_end\target\classes;C:\Users\Admin\.m2\repository\org\springframework\boot\spring-boot-starter-data-r2dbc\3.5.0\spring-boot-starter-data-r2dbc-3.5.0.jar;C:\Users\Admin\.m2\repository\org\springframework\boot\spring-boot-starter\3.5.0\spring-boot-starter-3.5.0.jar;C:\Users\Admin\.m2\repository\org\springframework\boot\spring-boot-starter-logging\3.5.0\spring-boot-starter-logging-3.5.0.jar;C:\Users\Admin\.m2\repository\ch\qos\logback\logback-classic\1.5.18\logback-classic-1.5.18.jar;C:\Users\Admin\.m2\repository\ch\qos\logback\logback-core\1.5.18\logback-core-1.5.18.jar;C:\Users\Admin\.m2\repository\org\apache\logging\log4j\log4j-to-slf4j\2.24.3\log4j-to-slf4j-2.24.3.jar;C:\Users\Admin\.m2\repository\org\slf4j\jul-to-slf4j\2.0.17\jul-to-slf4j-2.0.17.jar;C:\Users\Admin\.m2\repository\jakarta\annotation\jakarta.annotation-api\2.1.1\jakarta.annotation-api-2.1.1.jar;C:\Users\Admin\.m2\repository\org\yaml\snakeyaml\2.4\snakeyaml-2.4.jar;C:\Users\Admin\.m2\repository\org\springframework\data\spring-data-r2dbc\3.5.0\spring-data-r2dbc-3.5.0.jar;C:\Users\Admin\.m2\repository\org\springframework\data\spring-data-relational\3.5.0\spring-data-relational-3.5.0.jar;C:\Users\Admin\.m2\repository\org\springframework\data\spring-data-commons\3.5.0\spring-data-commons-3.5.0.jar;C:\Users\Admin\.m2\repository\org\springframework\spring-tx\6.2.7\spring-tx-6.2.7.jar;C:\Users\Admin\.m2\repository\org\springframework\spring-context\6.2.7\spring-context-6.2.7.jar;C:\Users\Admin\.m2\repository\org\springframework\spring-beans\6.2.7\spring-beans-6.2.7.jar;C:\Users\Admin\.m2\repository\org\springframework\spring-jdbc\6.2.7\spring-jdbc-6.2.7.jar;C:\Users\Admin\.m2\repository\org\springframework\spring-r2dbc\6.2.7\spring-r2dbc-6.2.7.jar;C:\Users\Admin\.m2\repository\io\r2dbc\r2dbc-spi\1.0.0.RELEASE\r2dbc-spi-1.0.0.RELEASE.jar;C:\Users\Admin\.m2\repository\org\reactivestreams\reactive-streams\1.0.4\reactive-streams-1.0.4.jar;C:\Users\Admin\.m2\repository\io\r2dbc\r2dbc-pool\1.0.2.RELEASE\r2dbc-pool-1.0.2.RELEASE.jar;C:\Users\Admin\.m2\repository\io\projectreactor\addons\reactor-pool\1.1.2\reactor-pool-1.1.2.jar;C:\Users\Admin\.m2\repository\org\springframework\boot\spring-boot-starter-webflux\3.5.0\spring-boot-starter-webflux-3.5.0.jar;C:\Users\Admin\.m2\repository\org\springframework\boot\spring-boot-starter-json\3.5.0\spring-boot-starter-json-3.5.0.jar;C:\Users\Admin\.m2\repository\com\fasterxml\jackson\datatype\jackson-datatype-jdk8\2.19.0\jackson-datatype-jdk8-2.19.0.jar;C:\Users\Admin\.m2\repository\org\springframework\boot\spring-boot-starter-reactor-netty\3.5.0\spring-boot-starter-reactor-netty-3.5.0.jar;C:\Users\Admin\.m2\repository\org\springframework\spring-web\6.2.7\spring-web-6.2.7.jar;C:\Users\Admin\.m2\repository\org\springframework\spring-webflux\6.2.7\spring-webflux-6.2.7.jar;C:\Users\Admin\.m2\repository\org\springframework\boot\spring-boot-starter-websocket\3.5.0\spring-boot-starter-websocket-3.5.0.jar;C:\Users\Admin\.m2\repository\org\springframework\boot\spring-boot-starter-web\3.5.0\spring-boot-starter-web-3.5.0.jar;C:\Users\Admin\.m2\repository\org\springframework\spring-webmvc\6.2.7\spring-webmvc-6.2.7.jar;C:\Users\Admin\.m2\repository\org\springframework\spring-messaging\6.2.7\spring-messaging-6.2.7.jar;C:\Users\Admin\.m2\repository\org\springframework\spring-websocket\6.2.7\spring-websocket-6.2.7.jar;C:\Users\Admin\.m2\repository\io\projectreactor\netty\reactor-netty-http\1.2.6\reactor-netty-http-1.2.6.jar;C:\Users\Admin\.m2\repository\io\netty\netty-codec-http\4.1.121.Final\netty-codec-http-4.1.121.Final.jar;C:\Users\Admin\.m2\repository\io\netty\netty-common\4.1.121.Final\netty-common-4.1.121.Final.jar;C:\Users\Admin\.m2\repository\io\netty\netty-buffer\4.1.121.Final\netty-buffer-4.1.121.Final.jar;C:\Users\Admin\.m2\repository\io\netty\netty-transport\4.1.121.Final\netty-transport-4.1.121.Final.jar;C:\Users\Admin\.m2\repository\io\netty\netty-codec\4.1.121.Final\netty-codec-4.1.121.Final.jar;C:\Users\Admin\.m2\repository\io\netty\netty-handler\4.1.121.Final\netty-handler-4.1.121.Final.jar;C:\Users\Admin\.m2\repository\io\netty\netty-codec-http2\4.1.121.Final\netty-codec-http2-4.1.121.Final.jar;C:\Users\Admin\.m2\repository\io\netty\netty-resolver-dns\4.1.121.Final\netty-resolver-dns-4.1.121.Final.jar;C:\Users\Admin\.m2\repository\io\netty\netty-resolver\4.1.121.Final\netty-resolver-4.1.121.Final.jar;C:\Users\Admin\.m2\repository\io\netty\netty-codec-dns\4.1.121.Final\netty-codec-dns-4.1.121.Final.jar;C:\Users\Admin\.m2\repository\io\netty\netty-resolver-dns-native-macos\4.1.121.Final\netty-resolver-dns-native-macos-4.1.121.Final-osx-x86_64.jar;C:\Users\Admin\.m2\repository\io\netty\netty-resolver-dns-classes-macos\4.1.121.Final\netty-resolver-dns-classes-macos-4.1.121.Final.jar;C:\Users\Admin\.m2\repository\io\netty\netty-transport-native-epoll\4.1.121.Final\netty-transport-native-epoll-4.1.121.Final-linux-x86_64.jar;C:\Users\Admin\.m2\repository\io\netty\netty-transport-native-unix-common\4.1.121.Final\netty-transport-native-unix-common-4.1.121.Final.jar;C:\Users\Admin\.m2\repository\io\netty\netty-transport-classes-epoll\4.1.121.Final\netty-transport-classes-epoll-4.1.121.Final.jar;C:\Users\Admin\.m2\repository\io\projectreactor\netty\reactor-netty-core\1.2.6\reactor-netty-core-1.2.6.jar;C:\Users\Admin\.m2\repository\io\netty\netty-handler-proxy\4.1.121.Final\netty-handler-proxy-4.1.121.Final.jar;C:\Users\Admin\.m2\repository\io\netty\netty-codec-socks\4.1.121.Final\netty-codec-socks-4.1.121.Final.jar;C:\Users\Admin\.m2\repository\io\projectreactor\reactor-core\3.7.6\reactor-core-3.7.6.jar;C:\Users\Admin\.m2\repository\com\nimbusds\nimbus-jose-jwt\9.31\nimbus-jose-jwt-9.31.jar;C:\Users\Admin\.m2\repository\com\github\stephenc\jcip\jcip-annotations\1.0-1\jcip-annotations-1.0-1.jar;C:\Users\Admin\.m2\repository\com\fasterxml\jackson\datatype\jackson-datatype-jsr310\2.19.0\jackson-datatype-jsr310-2.19.0.jar;C:\Users\Admin\.m2\repository\com\fasterxml\jackson\core\jackson-annotations\2.19.0\jackson-annotations-2.19.0.jar;C:\Users\Admin\.m2\repository\com\fasterxml\jackson\core\jackson-core\2.19.0\jackson-core-2.19.0.jar;C:\Users\Admin\.m2\repository\org\springframework\boot\spring-boot-devtools\3.5.0\spring-boot-devtools-3.5.0.jar;C:\Users\Admin\.m2\repository\org\springframework\boot\spring-boot\3.5.0\spring-boot-3.5.0.jar;C:\Users\Admin\.m2\repository\org\springframework\boot\spring-boot-autoconfigure\3.5.0\spring-boot-autoconfigure-3.5.0.jar;C:\Users\Admin\.m2\repository\org\postgresql\postgresql\42.7.5\postgresql-42.7.5.jar;C:\Users\Admin\.m2\repository\org\checkerframework\checker-qual\3.48.3\checker-qual-3.48.3.jar;C:\Users\Admin\.m2\repository\org\postgresql\r2dbc-postgresql\1.0.7.RELEASE\r2dbc-postgresql-1.0.7.RELEASE.jar;C:\Users\Admin\.m2\repository\com\ongres\scram\client\2.1\client-2.1.jar;C:\Users\Admin\.m2\repository\com\ongres\scram\common\2.1\common-2.1.jar;C:\Users\Admin\.m2\repository\com\ongres\stringprep\saslprep\1.1\saslprep-1.1.jar;C:\Users\Admin\.m2\repository\com\ongres\stringprep\stringprep\1.1\stringprep-1.1.jar;C:\Users\Admin\.m2\repository\org\springframework\spring-core\6.2.7\spring-core-6.2.7.jar;C:\Users\Admin\.m2\repository\org\springframework\spring-jcl\6.2.7\spring-jcl-6.2.7.jar;C:\Users\Admin\.m2\repository\org\projectlombok\lombok\1.18.38\lombok-1.18.38.jar;C:\Users\Admin\.m2\repository\org\flywaydb\flyway-core\9.22.3\flyway-core-9.22.3.jar;C:\Users\Admin\.m2\repository\com\fasterxml\jackson\dataformat\jackson-dataformat-toml\2.19.0\jackson-dataformat-toml-2.19.0.jar;C:\Users\Admin\.m2\repository\com\google\code\gson\gson\2.13.1\gson-2.13.1.jar;C:\Users\Admin\.m2\repository\com\google\errorprone\error_prone_annotations\2.38.0\error_prone_annotations-2.38.0.jar;C:\Users\Admin\.m2\repository\org\springframework\boot\spring-boot-starter-actuator\3.5.0\spring-boot-starter-actuator-3.5.0.jar;C:\Users\Admin\.m2\repository\org\springframework\boot\spring-boot-actuator-autoconfigure\3.5.0\spring-boot-actuator-autoconfigure-3.5.0.jar;C:\Users\Admin\.m2\repository\org\springframework\boot\spring-boot-actuator\3.5.0\spring-boot-actuator-3.5.0.jar;C:\Users\Admin\.m2\repository\io\micrometer\micrometer-observation\1.15.0\micrometer-observation-1.15.0.jar;C:\Users\Admin\.m2\repository\io\micrometer\micrometer-commons\1.15.0\micrometer-commons-1.15.0.jar;C:\Users\Admin\.m2\repository\io\micrometer\micrometer-jakarta9\1.15.0\micrometer-jakarta9-1.15.0.jar;C:\Users\Admin\.m2\repository\io\micrometer\micrometer-core\1.15.0\micrometer-core-1.15.0.jar;C:\Users\Admin\.m2\repository\org\hdrhistogram\HdrHistogram\2.2.2\HdrHistogram-2.2.2.jar;C:\Users\Admin\.m2\repository\org\latencyutils\LatencyUtils\2.0.3\LatencyUtils-2.0.3.jar;C:\Users\Admin\.m2\repository\io\github\resilience4j\resilience4j-spring-boot3\2.3.0\resilience4j-spring-boot3-2.3.0.jar;C:\Users\Admin\.m2\repository\io\github\resilience4j\resilience4j-spring6\2.3.0\resilience4j-spring6-2.3.0.jar;C:\Users\Admin\.m2\repository\io\github\resilience4j\resilience4j-annotations\2.3.0\resilience4j-annotations-2.3.0.jar;C:\Users\Admin\.m2\repository\io\github\resilience4j\resilience4j-consumer\2.3.0\resilience4j-consumer-2.3.0.jar;C:\Users\Admin\.m2\repository\io\github\resilience4j\resilience4j-circularbuffer\2.3.0\resilience4j-circularbuffer-2.3.0.jar;C:\Users\Admin\.m2\repository\io\github\resilience4j\resilience4j-framework-common\2.3.0\resilience4j-framework-common-2.3.0.jar;C:\Users\Admin\.m2\repository\org\slf4j\slf4j-api\2.0.17\slf4j-api-2.0.17.jar;C:\Users\Admin\.m2\repository\io\github\resilience4j\resilience4j-micrometer\2.3.0\resilience4j-micrometer-2.3.0.jar;C:\Users\Admin\.m2\repository\io\github\resilience4j\resilience4j-bulkhead\2.3.0\resilience4j-bulkhead-2.3.0.jar;C:\Users\Admin\.m2\repository\io\github\resilience4j\resilience4j-timelimiter\2.3.0\resilience4j-timelimiter-2.3.0.jar;C:\Users\Admin\.m2\repository\io\github\resilience4j\resilience4j-circuitbreaker\2.3.0\resilience4j-circuitbreaker-2.3.0.jar;C:\Users\Admin\.m2\repository\io\github\resilience4j\resilience4j-core\2.3.0\resilience4j-core-2.3.0.jar;C:\Users\Admin\.m2\repository\org\jetbrains\kotlin\kotlin-stdlib-jdk8\1.9.25\kotlin-stdlib-jdk8-1.9.25.jar;C:\Users\Admin\.m2\repository\org\jetbrains\kotlin\kotlin-stdlib\1.9.25\kotlin-stdlib-1.9.25.jar;C:\Users\Admin\.m2\repository\org\jetbrains\annotations\13.0\annotations-13.0.jar;C:\Users\Admin\.m2\repository\org\jetbrains\kotlin\kotlin-stdlib-jdk7\1.9.25\kotlin-stdlib-jdk7-1.9.25.jar;C:\Users\Admin\.m2\repository\io\github\resilience4j\resilience4j-retry\2.3.0\resilience4j-retry-2.3.0.jar;C:\Users\Admin\.m2\repository\io\github\resilience4j\resilience4j-ratelimiter\2.3.0\resilience4j-ratelimiter-2.3.0.jar;C:\Users\Admin\.m2\repository\commons-net\commons-net\3.9.0\commons-net-3.9.0.jar;C:\Users\Admin\.m2\repository\org\apache\poi\poi-ooxml\5.2.3\poi-ooxml-5.2.3.jar;C:\Users\Admin\.m2\repository\org\apache\poi\poi\5.2.3\poi-5.2.3.jar;C:\Users\Admin\.m2\repository\commons-codec\commons-codec\1.18.0\commons-codec-1.18.0.jar;C:\Users\Admin\.m2\repository\org\apache\commons\commons-math3\3.6.1\commons-math3-3.6.1.jar;C:\Users\Admin\.m2\repository\com\zaxxer\SparseBitSet\1.2\SparseBitSet-1.2.jar;C:\Users\Admin\.m2\repository\org\apache\poi\poi-ooxml-lite\5.2.3\poi-ooxml-lite-5.2.3.jar;C:\Users\Admin\.m2\repository\org\apache\xmlbeans\xmlbeans\5.1.1\xmlbeans-5.1.1.jar;C:\Users\Admin\.m2\repository\org\apache\commons\commons-compress\1.21\commons-compress-1.21.jar;C:\Users\Admin\.m2\repository\commons-io\commons-io\2.11.0\commons-io-2.11.0.jar;C:\Users\Admin\.m2\repository\com\github\virtuald\curvesapi\1.07\curvesapi-1.07.jar;C:\Users\Admin\.m2\repository\org\apache\logging\log4j\log4j-api\2.24.3\log4j-api-2.24.3.jar;C:\Users\Admin\.m2\repository\org\apache\commons\commons-collections4\4.4\commons-collections4-4.4.jar;C:\Users\Admin\.m2\repository\com\fasterxml\jackson\core\jackson-databind\2.19.0\jackson-databind-2.19.0.jar;C:\Users\Admin\.m2\repository\com\fasterxml\jackson\module\jackson-module-parameter-names\2.19.0\jackson-module-parameter-names-2.19.0.jar;C:\Users\Admin\.m2\repository\org\springframework\boot\spring-boot-starter-oauth2-resource-server\3.5.0\spring-boot-starter-oauth2-resource-server-3.5.0.jar;C:\Users\Admin\.m2\repository\org\springframework\security\spring-security-config\6.5.0\spring-security-config-6.5.0.jar;C:\Users\Admin\.m2\repository\org\springframework\security\spring-security-core\6.5.0\spring-security-core-6.5.0.jar;C:\Users\Admin\.m2\repository\org\springframework\security\spring-security-crypto\6.5.0\spring-security-crypto-6.5.0.jar;C:\Users\Admin\.m2\repository\org\springframework\spring-expression\6.2.7\spring-expression-6.2.7.jar;C:\Users\Admin\.m2\repository\org\springframework\security\spring-security-oauth2-resource-server\6.5.0\spring-security-oauth2-resource-server-6.5.0.jar;C:\Users\Admin\.m2\repository\org\springframework\security\spring-security-oauth2-core\6.5.0\spring-security-oauth2-core-6.5.0.jar;C:\Users\Admin\.m2\repository\org\springframework\security\spring-security-oauth2-jose\6.5.0\spring-security-oauth2-jose-6.5.0.jar;C:\Users\Admin\.m2\repository\org\springframework\boot\spring-boot-starter-security\3.5.0\spring-boot-starter-security-3.5.0.jar;C:\Users\Admin\.m2\repository\org\springframework\spring-aop\6.2.7\spring-aop-6.2.7.jar;C:\Users\Admin\.m2\repository\org\springframework\security\spring-security-web\6.5.0\spring-security-web-6.5.0.jar;C:\Program Files\JetBrains\IntelliJ IDEA Community Edition 2024.2\lib\idea_rt.jar
Launcher Type: SUN_STANDARD

[Global flags]
     intx CICompilerCount                          = 4                                         {product} {ergonomic}
     uint ConcGCThreads                            = 3                                         {product} {ergonomic}
     uint G1ConcRefinementThreads                  = 10                                        {product} {ergonomic}
   size_t G1HeapRegionSize                         = 1048576                                   {product} {ergonomic}
    uintx GCDrainStackTargetSize                   = 64                                        {product} {ergonomic}
   size_t InitialHeapSize                          = 98566144                                  {product} {ergonomic}
   size_t MarkStackSize                            = 4194304                                   {product} {ergonomic}
   size_t MaxHeapSize                              = 1574961152                                {product} {ergonomic}
   size_t MaxNewSize                               = 944766976                                 {product} {ergonomic}
   size_t MinHeapDeltaBytes                        = 1048576                                   {product} {ergonomic}
   size_t MinHeapSize                              = 8388608                                   {product} {ergonomic}
    uintx NonNMethodCodeHeapSize                   = 5839372                                {pd product} {ergonomic}
    uintx NonProfiledCodeHeapSize                  = 122909434                              {pd product} {ergonomic}
    uintx ProfiledCodeHeapSize                     = 122909434                              {pd product} {ergonomic}
    uintx ReservedCodeCacheSize                    = 251658240                              {pd product} {ergonomic}
     bool SegmentedCodeCache                       = true                                      {product} {ergonomic}
   size_t SoftMaxHeapSize                          = 1574961152                             {manageable} {ergonomic}
     bool UseCompressedOops                        = true                           {product lp64_product} {ergonomic}
     bool UseG1GC                                  = true                                      {product} {ergonomic}
     bool UseLargePagesIndividualAllocation        = false                                  {pd product} {ergonomic}

Logging:
Log output configuration:
 #0: stdout all=warning uptime,level,tags foldmultilines=false
 #1: stderr all=off uptime,level,tags foldmultilines=false

Environment Variables:
JAVA_HOME=C:\Program Files\Java\jdk-17
PATH=C:\Program Files\Java\jdk-17\bin;C:\Program Files\Java\jdk-21\bin;C:\Users\Admin\Downloads\kafka-3.9.0-src\kafka-3.9.0-src\bin;C:\Users\Admin\Downloads\gradle-8.11-bin\gradle-8.11\bin;D:\JDk\jdk1.8.0_281\bin;C:\Program Files\Common Files\Oracle\Java\javapath;C:\Program Files (x86)\Common Files\Oracle\Java\javapath;C:\WINDOWS\system32;C:\WINDOWS;C:\WINDOWS\System32\Wbem;C:\WINDOWS\System32\WindowsPowerShell\v1.0\;C:\WINDOWS\System32\OpenSSH\;C:\Program Files\nodejs\;C:\Program Files\Java\jdk-17\\bin;C:\Program Files\Git\cmd;C:\Program Files\PuTTY\;C:\Users\Admin\Desktop\mvn\apache-maven-3.9.4-bin\apache-maven-3.9.4\bin;C:\Program Files\Docker\Docker\resources\bin;C:\Users\Admin\Downloads\New folder (19)\strawberry-perl-5.40.0.1-64bit-portable\perl\bin;C:\Program Files\Maven\apache-maven-3.9.9-bin\apache-maven-3.9.9\bin;C:\Program Files\Java\jdk-17\bin;C:\Program Files\Java\jdk-21\bin;C:\Users\Admin\Downloads\kafka-3.9.0-src\kafka-3.9.0-src\bin;C:\Users\Admin\Downloads\gradle-8.11-bin\gradle-8.11\bin;D:\JDk\jdk1.8.0_281\bin;C:\Users\Admin\AppData\Local\Microsoft\WindowsApps;C:\Users\Admin\AppData\Local\Programs\Microsoft VS Code\bin;C:\Users\Admin\AppData\Roaming\npm;C:\Program Files\JetBrains\IntelliJ IDEA 2024.1.2\bin;;C:\Program Files\PHP;C:\Users\Admin\AppData\Local\Programs\MiKTeX\miktex\bin\x64\;C:\Users\Admin\Downloads\New folder (19)\strawberry-perl-5.40.0.1-64bit-portable\perl\bin;C:\Program Files\Maven\apache-maven-3.9.9-bin\apache-maven-3.9.9\bin;
USERNAME=Admin
OS=Windows_NT
PROCESSOR_IDENTIFIER=AMD64 Family 23 Model 104 Stepping 1, AuthenticAMD
TMP=C:\Users\Admin\AppData\Local\Temp
TEMP=C:\Users\Admin\AppData\Local\Temp




Periodic native trim disabled

---------------  S Y S T E M  ---------------

OS:
 Windows 11 , 64 bit Build 26100 (10.0.26100.3323)
OS uptime: 0 days 8:43 hours
Hyper-V role detected

CPU: total 12 (initial active 12) (12 cores per cpu, 2 threads per core) family 23 model 104 stepping 1 microcode 0x8608103, cx8, cmov, fxsr, ht, mmx, 3dnowpref, sse, sse2, sse3, ssse3, sse4a, sse4.1, sse4.2, popcnt, lzcnt, tsc, tscinvbit, avx, avx2, aes, clmul, bmi1, bmi2, adx, sha, fma, vzeroupper, clflush, clflushopt, hv, rdtscp, rdpid, f16c
Processor Information for processor 0
  Max Mhz: 2100, Current Mhz: 1988, Mhz Limit: 2100
Processor Information for processor 1
  Max Mhz: 2100, Current Mhz: 2100, Mhz Limit: 2100
Processor Information for processor 2
  Max Mhz: 2100, Current Mhz: 2100, Mhz Limit: 2100
Processor Information for processor 3
  Max Mhz: 2100, Current Mhz: 2100, Mhz Limit: 2100
Processor Information for processor 4
  Max Mhz: 2100, Current Mhz: 2100, Mhz Limit: 2100
Processor Information for processor 5
  Max Mhz: 2100, Current Mhz: 2100, Mhz Limit: 2100
Processor Information for processor 6
  Max Mhz: 2100, Current Mhz: 2100, Mhz Limit: 2100
Processor Information for processor 7
  Max Mhz: 2100, Current Mhz: 1988, Mhz Limit: 2100
Processor Information for processor 8
  Max Mhz: 2100, Current Mhz: 2100, Mhz Limit: 2100
Processor Information for processor 9
  Max Mhz: 2100, Current Mhz: 1988, Mhz Limit: 2100
Processor Information for processor 10
  Max Mhz: 2100, Current Mhz: 1988, Mhz Limit: 2100
Processor Information for processor 11
  Max Mhz: 2100, Current Mhz: 1988, Mhz Limit: 2100

Memory: 4k page, system-wide physical 6005M (29M free)
TotalPageFile size 24437M (AvailPageFile size 63M)
current process WorkingSet (physical memory assigned to process): 52M, peak: 232M
current process commit charge ("private bytes"): 342M, peak: 378M

vm_info: Java HotSpot(TM) 64-Bit Server VM (21.0.2+13-LTS-58) for windows-amd64 JRE (21.0.2+13-LTS-58), built on 2024-01-05T18:32:24Z by "mach5one" with MS VC++ 17.1 (VS2022)

END.
